{
  "stats": {
    "suites": 1,
    "tests": 1,
    "passes": 1,
    "pending": 0,
    "failures": 0,
    "start": "2022-12-26T17:52:43.600Z",
    "end": "2022-12-26T17:52:44.933Z",
    "duration": 1333,
    "testsRegistered": 1,
    "passPercent": 100,
    "pendingPercent": 0,
    "other": 0,
    "hasOther": false,
    "skipped": 0,
    "hasSkipped": false
  },
  "results": [
    {
      "uuid": "13023bfe-80e3-4422-9479-6c6b51c8bb0f",
      "title": "",
      "fullFile": "D:\\api-herokuapp\\Api-Otomation-bigProject\\tests\\scenarios\\partial-update-booking.test.js",
      "file": "\\tests\\scenarios\\partial-update-booking.test.js",
      "beforeHooks": [],
      "afterHooks": [],
      "tests": [],
      "suites": [
        {
          "uuid": "6e6df0f8-0436-42d6-b37a-cef7f3ca1ca5",
          "title": "update Booking partial",
          "fullFile": "D:\\api-herokuapp\\Api-Otomation-bigProject\\tests\\scenarios\\partial-update-booking.test.js",
          "file": "\\tests\\scenarios\\partial-update-booking.test.js",
          "beforeHooks": [],
          "afterHooks": [],
          "tests": [
            {
              "title": "Must successfully make a reservation when entering valid data",
              "fullTitle": "update Booking partial Must successfully make a reservation when entering valid data",
              "timedOut": false,
              "duration": 1316,
              "state": "passed",
              "speed": "slow",
              "pass": true,
              "fail": false,
              "pending": false,
              "context": null,
              "code": "const param = getParams(data.bookingdatapartial);\nconst response = await HerokuApi.booking(param);\nassert.equal(response.status, 200);",
              "err": {},
              "uuid": "a7ce2ae5-ef76-4ec7-a726-051290de507d",
              "parentUUID": "6e6df0f8-0436-42d6-b37a-cef7f3ca1ca5",
              "isHook": false,
              "skipped": false
            }
          ],
          "suites": [],
          "passes": [
            "a7ce2ae5-ef76-4ec7-a726-051290de507d"
          ],
          "failures": [],
          "pending": [],
          "skipped": [],
          "duration": 1316,
          "root": false,
          "rootEmpty": false,
          "_timeout": 2000
        }
      ],
      "passes": [],
      "failures": [],
      "pending": [],
      "skipped": [],
      "duration": 0,
      "root": true,
      "rootEmpty": true,
      "_timeout": 2000
    }
  ],
  "meta": {
    "mocha": {
      "version": "10.2.0"
    },
    "mochawesome": {
      "options": {
        "quiet": false,
        "reportFilename": "mochawesome",
        "saveHtml": true,
        "saveJson": true,
        "consoleReporter": "spec",
        "useInlineDiffs": false,
        "code": true
      },
      "version": "7.1.3"
    },
    "marge": {
      "options": null,
      "version": "6.2.0"
    }
  }
}