{
  "stats": {
    "suites": 1,
    "tests": 1,
    "passes": 0,
    "pending": 0,
    "failures": 1,
    "start": "2022-12-26T01:03:02.088Z",
    "end": "2022-12-26T01:03:02.100Z",
    "duration": 12,
    "testsRegistered": 1,
    "passPercent": 0,
    "pendingPercent": 0,
    "other": 0,
    "hasOther": false,
    "skipped": 0,
    "hasSkipped": false
  },
  "results": [
    {
      "uuid": "3d2bfac4-0082-4392-a683-14fba067b49a",
      "title": "",
      "fullFile": "D:\\API-HerokuApp\\tests\\scenarios\\auth.test.js",
      "file": "\\tests\\scenarios\\auth.test.js",
      "beforeHooks": [],
      "afterHooks": [],
      "tests": [],
      "suites": [
        {
          "uuid": "fc17e1c6-a54c-4daf-ba15-7fd04714a202",
          "title": "Auth",
          "fullFile": "D:\\API-HerokuApp\\tests\\scenarios\\auth.test.js",
          "file": "\\tests\\scenarios\\auth.test.js",
          "beforeHooks": [],
          "afterHooks": [],
          "tests": [
            {
              "title": "Should successful login when insert valid data",
              "fullTitle": "Auth Should successful login when insert valid data",
              "timedOut": false,
              "duration": 1,
              "state": "failed",
              "speed": null,
              "pass": false,
              "fail": true,
              "pending": false,
              "context": null,
              "code": "const response = await ReqresApi.auth(data.valid_login);\nassert.equal(response.status, 200);",
              "err": {
                "message": "TypeError: ReqresApi.auth is not a function",
                "estack": "TypeError: ReqresApi.auth is not a function\n    at Context.<anonymous> (file:///D:/API-HerokuApp/tests/scenarios/auth.test.js:8:42)\n    at processImmediate (internal/timers.js:464:21)",
                "diff": null
              },
              "uuid": "ef7c5ec2-5491-474f-9b07-6437fbb85a33",
              "parentUUID": "fc17e1c6-a54c-4daf-ba15-7fd04714a202",
              "isHook": false,
              "skipped": false
            }
          ],
          "suites": [],
          "passes": [],
          "failures": [
            "ef7c5ec2-5491-474f-9b07-6437fbb85a33"
          ],
          "pending": [],
          "skipped": [],
          "duration": 1,
          "root": false,
          "rootEmpty": false,
          "_timeout": 2000
        }
      ],
      "passes": [],
      "failures": [],
      "pending": [],
      "skipped": [],
      "duration": 0,
      "root": true,
      "rootEmpty": true,
      "_timeout": 2000
    }
  ],
  "meta": {
    "mocha": {
      "version": "10.2.0"
    },
    "mochawesome": {
      "options": {
        "quiet": false,
        "reportFilename": "mochawesome",
        "saveHtml": true,
        "saveJson": true,
        "consoleReporter": "spec",
        "useInlineDiffs": false,
        "code": true
      },
      "version": "7.1.3"
    },
    "marge": {
      "options": null,
      "version": "6.2.0"
    }
  }
}