{
  "stats": {
    "suites": 1,
    "tests": 1,
    "passes": 1,
    "pending": 0,
    "failures": 0,
    "start": "2022-12-26T01:49:08.609Z",
    "end": "2022-12-26T01:49:10.025Z",
    "duration": 1416,
    "testsRegistered": 1,
    "passPercent": 100,
    "pendingPercent": 0,
    "other": 0,
    "hasOther": false,
    "skipped": 0,
    "hasSkipped": false
  },
  "results": [
    {
      "uuid": "1bf4cdd9-da1c-4918-a763-8f5c9a293bea",
      "title": "",
      "fullFile": "D:\\API-HerokuApp\\tests\\scenarios\\auth.test.js",
      "file": "\\tests\\scenarios\\auth.test.js",
      "beforeHooks": [],
      "afterHooks": [],
      "tests": [],
      "suites": [
        {
          "uuid": "69153860-06c8-4207-9da3-92594f037e0b",
          "title": "Auth",
          "fullFile": "D:\\API-HerokuApp\\tests\\scenarios\\auth.test.js",
          "file": "\\tests\\scenarios\\auth.test.js",
          "beforeHooks": [],
          "afterHooks": [],
          "tests": [
            {
              "title": "Should successful login when insert valid data",
              "fullTitle": "Auth Should successful login when insert valid data",
              "timedOut": false,
              "duration": 1391,
              "state": "passed",
              "speed": "slow",
              "pass": true,
              "fail": false,
              "pending": false,
              "context": null,
              "code": "const response = await HerokuApi.auth(data.valid_login);\nassert.equal(response.status, 200);",
              "err": {},
              "uuid": "7fae5822-5ff2-438a-975e-95b927a25d15",
              "parentUUID": "69153860-06c8-4207-9da3-92594f037e0b",
              "isHook": false,
              "skipped": false
            }
          ],
          "suites": [],
          "passes": [
            "7fae5822-5ff2-438a-975e-95b927a25d15"
          ],
          "failures": [],
          "pending": [],
          "skipped": [],
          "duration": 1391,
          "root": false,
          "rootEmpty": false,
          "_timeout": 2000
        }
      ],
      "passes": [],
      "failures": [],
      "pending": [],
      "skipped": [],
      "duration": 0,
      "root": true,
      "rootEmpty": true,
      "_timeout": 2000
    }
  ],
  "meta": {
    "mocha": {
      "version": "10.2.0"
    },
    "mochawesome": {
      "options": {
        "quiet": false,
        "reportFilename": "mochawesome",
        "saveHtml": true,
        "saveJson": true,
        "consoleReporter": "spec",
        "useInlineDiffs": false,
        "code": true
      },
      "version": "7.1.3"
    },
    "marge": {
      "options": null,
      "version": "6.2.0"
    }
  }
}