{
  "stats": {
    "suites": 1,
    "tests": 1,
    "passes": 1,
    "pending": 0,
    "failures": 0,
    "start": "2022-12-26T17:45:27.646Z",
    "end": "2022-12-26T17:45:28.941Z",
    "duration": 1295,
    "testsRegistered": 1,
    "passPercent": 100,
    "pendingPercent": 0,
    "other": 0,
    "hasOther": false,
    "skipped": 0,
    "hasSkipped": false
  },
  "results": [
    {
      "uuid": "2a8b0aee-0e85-4c3c-9e48-ac8d62942d59",
      "title": "",
      "fullFile": "D:\\api-herokuapp\\Api-Otomation-bigProject\\tests\\scenarios\\create-booking.test.js",
      "file": "\\tests\\scenarios\\create-booking.test.js",
      "beforeHooks": [],
      "afterHooks": [],
      "tests": [],
      "suites": [
        {
          "uuid": "a7e88d0d-c61e-4faf-a750-27d9da294bf7",
          "title": "Create Booking",
          "fullFile": "D:\\api-herokuapp\\Api-Otomation-bigProject\\tests\\scenarios\\create-booking.test.js",
          "file": "\\tests\\scenarios\\create-booking.test.js",
          "beforeHooks": [],
          "afterHooks": [],
          "tests": [
            {
              "title": "Must successfully make a reservation when entering valid data",
              "fullTitle": "Create Booking Must successfully make a reservation when entering valid data",
              "timedOut": false,
              "duration": 1283,
              "state": "passed",
              "speed": "slow",
              "pass": true,
              "fail": false,
              "pending": false,
              "context": null,
              "code": "const response = await HerokuApi.createbooking(data.bookingdata);\nassert.equal(response.status, 200);",
              "err": {},
              "uuid": "0d7ef622-b570-4558-b962-a17c21bbfea1",
              "parentUUID": "a7e88d0d-c61e-4faf-a750-27d9da294bf7",
              "isHook": false,
              "skipped": false
            }
          ],
          "suites": [],
          "passes": [
            "0d7ef622-b570-4558-b962-a17c21bbfea1"
          ],
          "failures": [],
          "pending": [],
          "skipped": [],
          "duration": 1283,
          "root": false,
          "rootEmpty": false,
          "_timeout": 2000
        }
      ],
      "passes": [],
      "failures": [],
      "pending": [],
      "skipped": [],
      "duration": 0,
      "root": true,
      "rootEmpty": true,
      "_timeout": 2000
    }
  ],
  "meta": {
    "mocha": {
      "version": "10.2.0"
    },
    "mochawesome": {
      "options": {
        "quiet": false,
        "reportFilename": "mochawesome",
        "saveHtml": true,
        "saveJson": true,
        "consoleReporter": "spec",
        "useInlineDiffs": false,
        "code": true
      },
      "version": "7.1.3"
    },
    "marge": {
      "options": null,
      "version": "6.2.0"
    }
  }
}