{
  "stats": {
    "suites": 9,
    "tests": 14,
    "passes": 11,
    "pending": 1,
    "failures": 2,
    "start": "2022-12-27T13:05:08.159Z",
    "end": "2022-12-27T13:05:22.784Z",
    "duration": 14625,
    "testsRegistered": 14,
    "passPercent": 84.61538461538461,
    "pendingPercent": 7.142857142857142,
    "other": 0,
    "hasOther": false,
    "skipped": 0,
    "hasSkipped": false
  },
  "results": [
    {
      "uuid": "4cbeac06-8dd6-4acb-9074-60a7cd106e81",
      "title": "",
      "fullFile": "",
      "file": "",
      "beforeHooks": [],
      "afterHooks": [],
      "tests": [],
      "suites": [
        {
          "uuid": "208159cf-6274-4dac-9b73-14dbc5e3e27e",
          "title": "Auth",
          "fullFile": "D:\\api-herokuapp\\Api-Otomation-bigProject\\tests\\scenarios\\auth.test.js",
          "file": "\\tests\\scenarios\\auth.test.js",
          "beforeHooks": [],
          "afterHooks": [],
          "tests": [
            {
              "title": "Should successful login when insert valid data",
              "fullTitle": "Auth Should successful login when insert valid data",
              "timedOut": false,
              "duration": 1334,
              "state": "passed",
              "speed": "slow",
              "pass": true,
              "fail": false,
              "pending": false,
              "context": null,
              "code": "const response = await HerokuApi.auth(data.valid_login);\nassert.equal(response.status, 200);",
              "err": {},
              "uuid": "e539d8c4-29f9-4f34-904c-d95b1620a208",
              "parentUUID": "208159cf-6274-4dac-9b73-14dbc5e3e27e",
              "isHook": false,
              "skipped": false
            }
          ],
          "suites": [],
          "passes": [
            "e539d8c4-29f9-4f34-904c-d95b1620a208"
          ],
          "failures": [],
          "pending": [],
          "skipped": [],
          "duration": 1334,
          "root": false,
          "rootEmpty": false,
          "_timeout": 2000
        },
        {
          "uuid": "51d58132-b139-4d37-b154-f726896a04cc",
          "title": "BOOKING ID LIST",
          "fullFile": "D:\\api-herokuapp\\Api-Otomation-bigProject\\tests\\scenarios\\booking-id.test.js",
          "file": "\\tests\\scenarios\\booking-id.test.js",
          "beforeHooks": [],
          "afterHooks": [],
          "tests": [
            {
              "title": "Should successfull get all the booking of data ",
              "fullTitle": "BOOKING ID LIST Should successfull get all the booking of data ",
              "timedOut": false,
              "duration": 1722,
              "state": "passed",
              "speed": "slow",
              "pass": true,
              "fail": false,
              "pending": false,
              "context": null,
              "code": "const response = await HerokuApi.booking(data.bookingdata);\n    \nassert.equal(response.status, 200);",
              "err": {},
              "uuid": "4415f979-db1f-47d5-8b5a-6045033cea83",
              "parentUUID": "51d58132-b139-4d37-b154-f726896a04cc",
              "isHook": false,
              "skipped": false
            }
          ],
          "suites": [],
          "passes": [
            "4415f979-db1f-47d5-8b5a-6045033cea83"
          ],
          "failures": [],
          "pending": [],
          "skipped": [],
          "duration": 1722,
          "root": false,
          "rootEmpty": false,
          "_timeout": 2000
        },
        {
          "uuid": "80d9606e-331e-4f71-860f-71e21a322719",
          "title": "Create Booking",
          "fullFile": "D:\\api-herokuapp\\Api-Otomation-bigProject\\tests\\scenarios\\create-booking.test.js",
          "file": "\\tests\\scenarios\\create-booking.test.js",
          "beforeHooks": [],
          "afterHooks": [],
          "tests": [
            {
              "title": "Must successfully make a reservation when entering valid data",
              "fullTitle": "Create Booking Must successfully make a reservation when entering valid data",
              "timedOut": false,
              "duration": 892,
              "state": "passed",
              "speed": "slow",
              "pass": true,
              "fail": false,
              "pending": false,
              "context": null,
              "code": "const response = await HerokuApi.createbooking(data.bookingdata);\nassert.equal(response.status, 200);",
              "err": {},
              "uuid": "8cb985c6-ff29-4de0-8725-2050bd70d65a",
              "parentUUID": "80d9606e-331e-4f71-860f-71e21a322719",
              "isHook": false,
              "skipped": false
            }
          ],
          "suites": [],
          "passes": [
            "8cb985c6-ff29-4de0-8725-2050bd70d65a"
          ],
          "failures": [],
          "pending": [],
          "skipped": [],
          "duration": 892,
          "root": false,
          "rootEmpty": false,
          "_timeout": 2000
        },
        {
          "uuid": "e96088b8-76ea-47c7-976a-855fc4f2885c",
          "title": "Create Data Booking",
          "fullFile": "D:\\api-herokuapp\\Api-Otomation-bigProject\\tests\\scenarios\\createBooking.test.js",
          "file": "\\tests\\scenarios\\createBooking.test.js",
          "beforeHooks": [],
          "afterHooks": [],
          "tests": [
            {
              "title": "Should successful login when insert valid data",
              "fullTitle": "Create Data Booking Should successful login when insert valid data",
              "timedOut": false,
              "duration": 849,
              "state": "passed",
              "speed": "slow",
              "pass": true,
              "fail": false,
              "pending": false,
              "context": null,
              "code": "const response = await HerokuApi.bookingcreate(data.bookingdata);\nassert.equal(response.status, 200);",
              "err": {},
              "uuid": "b7fb5938-0cec-40a3-bc21-f3505ad5b8be",
              "parentUUID": "e96088b8-76ea-47c7-976a-855fc4f2885c",
              "isHook": false,
              "skipped": false
            },
            {
              "title": "Should not successful login when insert invalid first name data",
              "fullTitle": "Create Data Booking Should not successful login when insert invalid first name data",
              "timedOut": false,
              "duration": 850,
              "state": "passed",
              "speed": "slow",
              "pass": true,
              "fail": false,
              "pending": false,
              "context": null,
              "code": "const response = await HerokuApi.bookingcreate(data.bookingdata1);\nassert.equal(response.status, 500);",
              "err": {},
              "uuid": "ade3f54d-d992-492c-b7ff-53cdae876503",
              "parentUUID": "e96088b8-76ea-47c7-976a-855fc4f2885c",
              "isHook": false,
              "skipped": false
            },
            {
              "title": "Should not successful login when insert invalid last name data",
              "fullTitle": "Create Data Booking Should not successful login when insert invalid last name data",
              "timedOut": false,
              "duration": 855,
              "state": "passed",
              "speed": "slow",
              "pass": true,
              "fail": false,
              "pending": false,
              "context": null,
              "code": "const response = await HerokuApi.bookingcreate(data.bookingdata2);\nassert.equal(response.status, 500);",
              "err": {},
              "uuid": "db43b42d-33b2-45f4-b95a-c2057ea2f522",
              "parentUUID": "e96088b8-76ea-47c7-976a-855fc4f2885c",
              "isHook": false,
              "skipped": false
            },
            {
              "title": "Should not successful login when insert invalid total price data",
              "fullTitle": "Create Data Booking Should not successful login when insert invalid total price data",
              "timedOut": false,
              "duration": 854,
              "state": "passed",
              "speed": "slow",
              "pass": true,
              "fail": false,
              "pending": false,
              "context": null,
              "code": "const response = await HerokuApi.bookingcreate(data.bookingdata3);\nassert.equal(response.status, 500);",
              "err": {},
              "uuid": "3803f33d-e582-4593-b748-c88b07658b40",
              "parentUUID": "e96088b8-76ea-47c7-976a-855fc4f2885c",
              "isHook": false,
              "skipped": false
            },
            {
              "title": "Should not successful login when insert invalid check in data",
              "fullTitle": "Create Data Booking Should not successful login when insert invalid check in data",
              "timedOut": false,
              "duration": 1046,
              "state": "passed",
              "speed": "slow",
              "pass": true,
              "fail": false,
              "pending": false,
              "context": null,
              "code": "const response = await HerokuApi.bookingcreate(data.bookingdata4);\nassert.equal(response.status, 500);",
              "err": {},
              "uuid": "ea02dcb3-bbbb-4496-b48f-58397703a37b",
              "parentUUID": "e96088b8-76ea-47c7-976a-855fc4f2885c",
              "isHook": false,
              "skipped": false
            },
            {
              "title": "Should not successful login when insert invalid check out data",
              "fullTitle": "Create Data Booking Should not successful login when insert invalid check out data",
              "timedOut": false,
              "duration": 827,
              "state": "passed",
              "speed": "slow",
              "pass": true,
              "fail": false,
              "pending": false,
              "context": null,
              "code": "const response = await HerokuApi.bookingcreate(data.bookingdata5);\nassert.equal(response.status, 500);",
              "err": {},
              "uuid": "e5cfd392-2981-4c81-af25-2d8aff3ad2cc",
              "parentUUID": "e96088b8-76ea-47c7-976a-855fc4f2885c",
              "isHook": false,
              "skipped": false
            }
          ],
          "suites": [],
          "passes": [
            "b7fb5938-0cec-40a3-bc21-f3505ad5b8be",
            "ade3f54d-d992-492c-b7ff-53cdae876503",
            "db43b42d-33b2-45f4-b95a-c2057ea2f522",
            "3803f33d-e582-4593-b748-c88b07658b40",
            "ea02dcb3-bbbb-4496-b48f-58397703a37b",
            "e5cfd392-2981-4c81-af25-2d8aff3ad2cc"
          ],
          "failures": [],
          "pending": [],
          "skipped": [],
          "duration": 5281,
          "root": false,
          "rootEmpty": false,
          "_timeout": 2000
        },
        {
          "uuid": "adaf832d-7265-4145-8648-a142347faa7c",
          "title": "Delete BOOKING ID 1",
          "fullFile": "D:\\api-herokuapp\\Api-Otomation-bigProject\\tests\\scenarios\\delete_booking.test.js",
          "file": "\\tests\\scenarios\\delete_booking.test.js",
          "beforeHooks": [],
          "afterHooks": [],
          "tests": [
            {
              "title": "Should successfull delete the booking of data with id = 2",
              "fullTitle": "Delete BOOKING ID 1 Should successfull delete the booking of data with id = 2",
              "timedOut": false,
              "duration": 0,
              "state": "pending",
              "speed": null,
              "pass": false,
              "fail": false,
              "pending": true,
              "context": null,
              "code": "",
              "err": {},
              "uuid": "53bbb504-4197-4564-84f8-5c02a8581bba",
              "parentUUID": "adaf832d-7265-4145-8648-a142347faa7c",
              "isHook": false,
              "skipped": false
            }
          ],
          "suites": [],
          "passes": [],
          "failures": [],
          "pending": [
            "53bbb504-4197-4564-84f8-5c02a8581bba"
          ],
          "skipped": [],
          "duration": 0,
          "root": false,
          "rootEmpty": false,
          "_timeout": 2000
        },
        {
          "uuid": "2866be8e-8121-45b2-9522-24e918f4d7c7",
          "title": "BOOKING ID 1",
          "fullFile": "D:\\api-herokuapp\\Api-Otomation-bigProject\\tests\\scenarios\\getbooking.test.js",
          "file": "\\tests\\scenarios\\getbooking.test.js",
          "beforeHooks": [],
          "afterHooks": [],
          "tests": [
            {
              "title": "Should successfull get the booking of data with id = 1",
              "fullTitle": "BOOKING ID 1 Should successfull get the booking of data with id = 1",
              "timedOut": false,
              "duration": 1685,
              "state": "passed",
              "speed": "slow",
              "pass": true,
              "fail": false,
              "pending": false,
              "context": null,
              "code": "const param = getParams(data.BOOKING_PARAM['id']);\nconst response = await HerokuApi.booking(param);\nassert.equal(response.status, 200);",
              "err": {},
              "uuid": "871b8000-da48-49a4-9917-e4296319d6ee",
              "parentUUID": "2866be8e-8121-45b2-9522-24e918f4d7c7",
              "isHook": false,
              "skipped": false
            }
          ],
          "suites": [],
          "passes": [
            "871b8000-da48-49a4-9917-e4296319d6ee"
          ],
          "failures": [],
          "pending": [],
          "skipped": [],
          "duration": 1685,
          "root": false,
          "rootEmpty": false,
          "_timeout": 2000
        },
        {
          "uuid": "be764dcc-203b-4ae8-bf73-d1f02fc5cacf",
          "title": "BOOKING ID LIST",
          "fullFile": "D:\\api-herokuapp\\Api-Otomation-bigProject\\tests\\scenarios\\getListBookingId.test.js",
          "file": "\\tests\\scenarios\\getListBookingId.test.js",
          "beforeHooks": [],
          "afterHooks": [],
          "tests": [
            {
              "title": "Should successfull get the booking of data ",
              "fullTitle": "BOOKING ID LIST Should successfull get the booking of data ",
              "timedOut": false,
              "duration": 1833,
              "state": "passed",
              "speed": "slow",
              "pass": true,
              "fail": false,
              "pending": false,
              "context": null,
              "code": "const response = await HerokuApi.bookingget(data.bookingdata);\nassert.equal(response.status, 200);",
              "err": {},
              "uuid": "e5767b73-efdf-48dd-be9b-911d4a928814",
              "parentUUID": "be764dcc-203b-4ae8-bf73-d1f02fc5cacf",
              "isHook": false,
              "skipped": false
            }
          ],
          "suites": [],
          "passes": [
            "e5767b73-efdf-48dd-be9b-911d4a928814"
          ],
          "failures": [],
          "pending": [],
          "skipped": [],
          "duration": 1833,
          "root": false,
          "rootEmpty": false,
          "_timeout": 2000
        },
        {
          "uuid": "8711c13b-5815-457a-9066-80f089eb569f",
          "title": "update Booking partial",
          "fullFile": "D:\\api-herokuapp\\Api-Otomation-bigProject\\tests\\scenarios\\partial-update-booking.test.js",
          "file": "\\tests\\scenarios\\partial-update-booking.test.js",
          "beforeHooks": [],
          "afterHooks": [],
          "tests": [
            {
              "title": "Must successfully make a reservation when entering valid data",
              "fullTitle": "update Booking partial Must successfully make a reservation when entering valid data",
              "timedOut": false,
              "duration": 919,
              "state": "failed",
              "speed": null,
              "pass": false,
              "fail": true,
              "pending": false,
              "context": null,
              "code": "const param = getParams(data.bookingdatapartial);\nconst response = await HerokuApi.partialupdatebooking(1);\n\nassert.equal(response.status, 200);\n//console.log(response.data)",
              "err": {
                "message": "AssertionError: expected 400 to equal 200",
                "estack": "AssertionError: expected 400 to equal 200\n    at Context.<anonymous> (file:///D:/api-herokuapp/Api-Otomation-bigProject/tests/scenarios/partial-update-booking.test.js:12:16)\n    at processTicksAndRejections (node:internal/process/task_queues:96:5)",
                "diff": "- 400\n+ 200\n"
              },
              "uuid": "5b048a5d-1c32-4341-a663-172e7f41a299",
              "parentUUID": "8711c13b-5815-457a-9066-80f089eb569f",
              "isHook": false,
              "skipped": false
            }
          ],
          "suites": [],
          "passes": [],
          "failures": [
            "5b048a5d-1c32-4341-a663-172e7f41a299"
          ],
          "pending": [],
          "skipped": [],
          "duration": 919,
          "root": false,
          "rootEmpty": false,
          "_timeout": 2000
        },
        {
          "uuid": "6700006c-7c77-4bc8-b3dc-be1015ecd758",
          "title": "PUT Booking Data ID 3",
          "fullFile": "D:\\api-herokuapp\\Api-Otomation-bigProject\\tests\\scenarios\\UpdateBooking.test.js",
          "file": "\\tests\\scenarios\\UpdateBooking.test.js",
          "beforeHooks": [],
          "afterHooks": [],
          "tests": [
            {
              "title": "Should successfull PUT the booking of data with id = 3",
              "fullTitle": "PUT Booking Data ID 3 Should successfull PUT the booking of data with id = 3",
              "timedOut": false,
              "duration": 862,
              "state": "failed",
              "speed": null,
              "pass": false,
              "fail": true,
              "pending": false,
              "context": null,
              "code": "const response = await HerokuApi.bookingput(data.bookingupdate);\nassert.equal(response.status, 200);",
              "err": {
                "message": "AssertionError: expected 403 to equal 200",
                "estack": "AssertionError: expected 403 to equal 200\n    at Context.<anonymous> (file:///D:/api-herokuapp/Api-Otomation-bigProject/tests/scenarios/UpdateBooking.test.js:10:16)\n    at processTicksAndRejections (node:internal/process/task_queues:96:5)",
                "diff": "- 403\n+ 200\n"
              },
              "uuid": "58ce533a-dd13-48a1-b923-6a4212122a04",
              "parentUUID": "6700006c-7c77-4bc8-b3dc-be1015ecd758",
              "isHook": false,
              "skipped": false
            }
          ],
          "suites": [],
          "passes": [],
          "failures": [
            "58ce533a-dd13-48a1-b923-6a4212122a04"
          ],
          "pending": [],
          "skipped": [],
          "duration": 862,
          "root": false,
          "rootEmpty": false,
          "_timeout": 2000
        }
      ],
      "passes": [],
      "failures": [],
      "pending": [],
      "skipped": [],
      "duration": 0,
      "root": true,
      "rootEmpty": true,
      "_timeout": 2000
    }
  ],
  "meta": {
    "mocha": {
      "version": "10.2.0"
    },
    "mochawesome": {
      "options": {
        "quiet": false,
        "reportFilename": "mochawesome",
        "saveHtml": true,
        "saveJson": true,
        "consoleReporter": "spec",
        "useInlineDiffs": false,
        "code": true
      },
      "version": "7.1.3"
    },
    "marge": {
      "options": null,
      "version": "6.2.0"
    }
  }
}