{
  "stats": {
    "suites": 1,
    "tests": 1,
    "passes": 0,
    "pending": 0,
    "failures": 1,
    "start": "2022-12-26T18:21:05.974Z",
    "end": "2022-12-26T18:21:07.294Z",
    "duration": 1320,
    "testsRegistered": 1,
    "passPercent": 0,
    "pendingPercent": 0,
    "other": 0,
    "hasOther": false,
    "skipped": 0,
    "hasSkipped": false
  },
  "results": [
    {
      "uuid": "bfacda22-ef04-470c-b448-93d5caf5346e",
      "title": "",
      "fullFile": "D:\\api-herokuapp\\Api-Otomation-bigProject\\tests\\scenarios\\partial-update-booking.test.js",
      "file": "\\tests\\scenarios\\partial-update-booking.test.js",
      "beforeHooks": [],
      "afterHooks": [],
      "tests": [],
      "suites": [
        {
          "uuid": "be6e95dd-4867-4c92-81b6-264ce649e3e9",
          "title": "update Booking partial",
          "fullFile": "D:\\api-herokuapp\\Api-Otomation-bigProject\\tests\\scenarios\\partial-update-booking.test.js",
          "file": "\\tests\\scenarios\\partial-update-booking.test.js",
          "beforeHooks": [],
          "afterHooks": [],
          "tests": [
            {
              "title": "Must successfully make a reservation when entering valid data",
              "fullTitle": "update Booking partial Must successfully make a reservation when entering valid data",
              "timedOut": false,
              "duration": 1299,
              "state": "failed",
              "speed": null,
              "pass": false,
              "fail": true,
              "pending": false,
              "context": null,
              "code": "const param = getParams(data.bookingdatapartial);\nconst response = await HerokuApi.createbooking(param);\nassert.equal(response.status, 200);\n//console.log(response.data)",
              "err": {
                "message": "AssertionError: expected 400 to equal 200",
                "estack": "AssertionError: expected 400 to equal 200\n    at Context.<anonymous> (file:///D:/api-herokuapp/Api-Otomation-bigProject/tests/scenarios/partial-update-booking.test.js:12:16)\n    at processTicksAndRejections (node:internal/process/task_queues:96:5)",
                "diff": "- 400\n+ 200\n"
              },
              "uuid": "5bc74481-e9e5-4ed0-85fd-bc760a5989a7",
              "parentUUID": "be6e95dd-4867-4c92-81b6-264ce649e3e9",
              "isHook": false,
              "skipped": false
            }
          ],
          "suites": [],
          "passes": [],
          "failures": [
            "5bc74481-e9e5-4ed0-85fd-bc760a5989a7"
          ],
          "pending": [],
          "skipped": [],
          "duration": 1299,
          "root": false,
          "rootEmpty": false,
          "_timeout": 2000
        }
      ],
      "passes": [],
      "failures": [],
      "pending": [],
      "skipped": [],
      "duration": 0,
      "root": true,
      "rootEmpty": true,
      "_timeout": 2000
    }
  ],
  "meta": {
    "mocha": {
      "version": "10.2.0"
    },
    "mochawesome": {
      "options": {
        "quiet": false,
        "reportFilename": "mochawesome",
        "saveHtml": true,
        "saveJson": true,
        "consoleReporter": "spec",
        "useInlineDiffs": false,
        "code": true
      },
      "version": "7.1.3"
    },
    "marge": {
      "options": null,
      "version": "6.2.0"
    }
  }
}